<?xml version="1.0" encoding="UTF-8"?>
<testng-results ignored="0" total="1" passed="1" failed="0" skipped="0">
  <reporter-output>
  </reporter-output>
  <suite started-at="2024-11-12T14:48:41 IST" name="Default suite" finished-at="2024-11-12T14:49:13 IST" duration-ms="31998">
    <groups>
      <group name="Login Testing">
        <method signature="Testcases_01.newBoardLogin()[pri:0, instance:NewBoardTestCase.Testcases_01@750e2b97]" name="newBoardLogin" class="NewBoardTestCase.Testcases_01"/>
      </group> <!-- Login Testing -->
      <group name="CompleteRegressionSuite">
        <method signature="Testcases_01.newBoardLogin()[pri:0, instance:NewBoardTestCase.Testcases_01@750e2b97]" name="newBoardLogin" class="NewBoardTestCase.Testcases_01"/>
      </group> <!-- CompleteRegressionSuite -->
    </groups>
    <test started-at="2024-11-12T14:48:41 IST" name="Default test" finished-at="2024-11-12T14:49:13 IST" duration-ms="31998">
      <class name="NewBoardTestCase.Testcases_01">
        <test-method is-config="true" signature="beforeMethod()[pri:0, instance:NewBoardTestCase.Testcases_01@750e2b97]" started-at="2024-11-12T14:48:41 IST" name="beforeMethod" finished-at="2024-11-12T14:48:42 IST" duration-ms="1096" status="PASS">
          <reporter-output>
          </reporter-output>
        </test-method> <!-- beforeMethod -->
        <test-method signature="newBoardLogin()[pri:0, instance:NewBoardTestCase.Testcases_01@750e2b97]" started-at="2024-11-12T14:48:42 IST" name="newBoardLogin" finished-at="2024-11-12T14:49:12 IST" duration-ms="29532" status="PASS">
          <reporter-output>
          </reporter-output>
        </test-method> <!-- newBoardLogin -->
        <test-method is-config="true" signature="afterTest()[pri:0, instance:NewBoardTestCase.Testcases_01@750e2b97]" started-at="2024-11-12T14:49:12 IST" name="afterTest" finished-at="2024-11-12T14:49:13 IST" duration-ms="1241" status="PASS">
          <reporter-output>
          </reporter-output>
        </test-method> <!-- afterTest -->
      </class> <!-- NewBoardTestCase.Testcases_01 -->
    </test> <!-- Default test -->
  </suite> <!-- Default suite -->
</testng-results>
