<?xml version="1.0" encoding="UTF-8"?>
<testng-results ignored="0" total="1" passed="1" failed="0" skipped="0">
  <reporter-output>
  </reporter-output>
  <suite started-at="2024-11-08T00:00:05 IST" name="Default suite" finished-at="2024-11-08T00:00:25 IST" duration-ms="20718">
    <groups>
      <group name="Signup Testing">
        <method signature="SauceLab.Login()[pri:0, instance:NewBoardTestCase.SauceLab@53aac487]" name="Login" class="NewBoardTestCase.SauceLab"/>
      </group> <!-- Signup Testing -->
      <group name="CompleteRegressionSuite">
        <method signature="SauceLab.Login()[pri:0, instance:NewBoardTestCase.SauceLab@53aac487]" name="Login" class="NewBoardTestCase.SauceLab"/>
      </group> <!-- CompleteRegressionSuite -->
    </groups>
    <test started-at="2024-11-08T00:00:05 IST" name="Default test" finished-at="2024-11-08T00:00:25 IST" duration-ms="20718">
      <class name="NewBoardTestCase.SauceLab">
        <test-method signature="Login()[pri:0, instance:NewBoardTestCase.SauceLab@53aac487]" started-at="2024-11-08T00:00:05 IST" name="Login" finished-at="2024-11-08T00:00:25 IST" duration-ms="20636" status="PASS">
          <reporter-output>
          </reporter-output>
        </test-method> <!-- Login -->
      </class> <!-- NewBoardTestCase.SauceLab -->
    </test> <!-- Default test -->
  </suite> <!-- Default suite -->
</testng-results>
